# JRE version: OpenJDK Runtime Environment (8.0_242-b01) (build 1.8.0_242-release-1644-b01)
# Java VM: OpenJDK 64-Bit Server VM (25.242-b01 mixed mode windows-amd64 compressed oops)
Heap:
 PSYoungGen      total 131072K, used 93393K [0x00000000d5580000, 0x00000000e4980000, 0x0000000100000000)
  eden space 119296K, 78% used [0x00000000d5580000,0x00000000db0b4640,0x00000000dca00000)
  from space 11776K, 0% used [0x00000000dca00000,0x00000000dca00000,0x00000000dd580000)
  to   space 11264K, 0% used [0x00000000e3e80000,0x00000000e3e80000,0x00000000e4980000)
 ParOldGen       total 121344K, used 14626K [0x0000000080000000, 0x0000000087680000, 0x00000000d5580000)
  object space 121344K, 12% used [0x0000000080000000,0x0000000080e488e8,0x0000000087680000)
 Metaspace       used 36513K, capacity 37998K, committed 38184K, reserved 1081344K
  class space    used 5017K, capacity 5318K, committed 5424K, reserved 1048576K
GC Heap History (10 events):
Event: 21.982 GC heap before
{Heap before GC invocations=5 (full 1):
 PSYoungGen      total 74240K, used 7818K [0x00000000d5580000, 0x00000000de680000, 0x0000000100000000)
  eden space 64000K, 0% used [0x00000000d5580000,0x00000000d5580000,0x00000000d9400000)
  from space 10240K, 76% used [0x00000000d9e00000,0x00000000da5a28b8,0x00000000da800000)
  to   space 10240K, 0% used [0x00000000d9400000,0x00000000d9400000,0x00000000d9e00000)
 ParOldGen       total 169472K, used 1101K [0x0000000080000000, 0x000000008a580000, 0x00000000d5580000)
  object space 169472K, 0% used [0x0000000080000000,0x0000000080113430,0x000000008a580000)
 Metaspace       used 20588K, capacity 21224K, committed 21296K, reserved 1067008K
  class space    used 2872K, capacity 3076K, committed 3120K, reserved 1048576K
Event: 22.036 GC heap after
Heap after GC invocations=5 (full 1):
 PSYoungGen      total 74240K, used 0K [0x00000000d5580000, 0x00000000de680000, 0x0000000100000000)
  eden space 64000K, 0% used [0x00000000d5580000,0x00000000d5580000,0x00000000d9400000)
  from space 10240K, 0% used [0x00000000d9e00000,0x00000000d9e00000,0x00000000da800000)
  to   space 10240K, 0% used [0x00000000d9400000,0x00000000d9400000,0x00000000d9e00000)
 ParOldGen       total 81408K, used 7618K [0x0000000080000000, 0x0000000084f80000, 0x00000000d5580000)
  object space 81408K, 9% used [0x0000000080000000,0x0000000080770ae0,0x0000000084f80000)
 Metaspace       used 20588K, capacity 21224K, committed 21296K, reserved 1067008K
  class space    used 2872K, capacity 3076K, committed 3120K, reserved 1048576K
}
Event: 23.547 GC heap before
{Heap before GC invocations=6 (full 1):
 PSYoungGen      total 74240K, used 64000K [0x00000000d5580000, 0x00000000de680000, 0x0000000100000000)
  eden space 64000K, 100% used [0x00000000d5580000,0x00000000d9400000,0x00000000d9400000)
  from space 10240K, 0% used [0x00000000d9e00000,0x00000000d9e00000,0x00000000da800000)
  to   space 10240K, 0% used [0x00000000d9400000,0x00000000d9400000,0x00000000d9e00000)
 ParOldGen       total 81408K, used 7618K [0x0000000080000000, 0x0000000084f80000, 0x00000000d5580000)
  object space 81408K, 9% used [0x0000000080000000,0x0000000080770ae0,0x0000000084f80000)
 Metaspace       used 28411K, capacity 29214K, committed 29360K, reserved 1075200K
  class space    used 3928K, capacity 4155K, committed 4272K, reserved 1048576K
Event: 23.562 GC heap after
Heap after GC invocations=6 (full 1):
 PSYoungGen      total 74240K, used 7931K [0x00000000d5580000, 0x00000000de100000, 0x0000000100000000)
  eden space 64000K, 0% used [0x00000000d5580000,0x00000000d5580000,0x00000000d9400000)
  from space 10240K, 77% used [0x00000000d9400000,0x00000000d9bbec00,0x00000000d9e00000)
  to   space 11776K, 0% used [0x00000000dd580000,0x00000000dd580000,0x00000000de100000)
 ParOldGen       total 81408K, used 7626K [0x0000000080000000, 0x0000000084f80000, 0x00000000d5580000)
  object space 81408K, 9% used [0x0000000080000000,0x0000000080772ae0,0x0000000084f80000)
 Metaspace       used 28411K, capacity 29214K, committed 29360K, reserved 1075200K
  class space    used 3928K, capacity 4155K, committed 4272K, reserved 1048576K
}
Event: 25.105 GC heap before
{Heap before GC invocations=7 (full 1):
 PSYoungGen      total 74240K, used 71931K [0x00000000d5580000, 0x00000000de100000, 0x0000000100000000)
  eden space 64000K, 100% used [0x00000000d5580000,0x00000000d9400000,0x00000000d9400000)
  from space 10240K, 77% used [0x00000000d9400000,0x00000000d9bbec00,0x00000000d9e00000)
  to   space 11776K, 0% used [0x00000000dd580000,0x00000000dd580000,0x00000000de100000)
 ParOldGen       total 81408K, used 7626K [0x0000000080000000, 0x0000000084f80000, 0x00000000d5580000)
  object space 81408K, 9% used [0x0000000080000000,0x0000000080772ae0,0x0000000084f80000)
 Metaspace       used 32688K, capacity 33706K, committed 33968K, reserved 1079296K
  class space    used 4450K, capacity 4719K, committed 4784K, reserved 1048576K
Event: 25.139 GC heap after
Heap after GC invocations=7 (full 1):
 PSYoungGen      total 131072K, used 9226K [0x00000000d5580000, 0x00000000de180000, 0x0000000100000000)
  eden space 119296K, 0% used [0x00000000d5580000,0x00000000d5580000,0x00000000dca00000)
  from space 11776K, 78% used [0x00000000dd580000,0x00000000dde82b58,0x00000000de100000)
  to   space 11776K, 0% used [0x00000000dca00000,0x00000000dca00000,0x00000000dd580000)
 ParOldGen       total 81408K, used 7634K [0x0000000080000000, 0x0000000084f80000, 0x00000000d5580000)
  object space 81408K, 9% used [0x0000000080000000,0x0000000080774ae0,0x0000000084f80000)
 Metaspace       used 32688K, capacity 33706K, committed 33968K, reserved 1079296K
  class space    used 4450K, capacity 4719K, committed 4784K, reserved 1048576K
}
Event: 25.871 GC heap before
{Heap before GC invocations=8 (full 1):
 PSYoungGen      total 131072K, used 43431K [0x00000000d5580000, 0x00000000de180000, 0x0000000100000000)
  eden space 119296K, 28% used [0x00000000d5580000,0x00000000d76e7270,0x00000000dca00000)
  from space 11776K, 78% used [0x00000000dd580000,0x00000000dde82b58,0x00000000de100000)
  to   space 11776K, 0% used [0x00000000dca00000,0x00000000dca00000,0x00000000dd580000)
 ParOldGen       total 81408K, used 7634K [0x0000000080000000, 0x0000000084f80000, 0x00000000d5580000)
  object space 81408K, 9% used [0x0000000080000000,0x0000000080774ae0,0x0000000084f80000)
 Metaspace       used 34284K, capacity 35412K, committed 35496K, reserved 1079296K
  class space    used 4715K, capacity 5001K, committed 5040K, reserved 1048576K
Event: 25.902 GC heap after
Heap after GC invocations=8 (full 1):
 PSYoungGen      total 131072K, used 8197K [0x00000000d5580000, 0x00000000e4980000, 0x0000000100000000)
  eden space 119296K, 0% used [0x00000000d5580000,0x00000000d5580000,0x00000000dca00000)
  from space 11776K, 69% used [0x00000000dca00000,0x00000000dd2014e0,0x00000000dd580000)
  to   space 11264K, 0% used [0x00000000e3e80000,0x00000000e3e80000,0x00000000e4980000)
 ParOldGen       total 81408K, used 7642K [0x0000000080000000, 0x0000000084f80000, 0x00000000d5580000)
  object space 81408K, 9% used [0x0000000080000000,0x0000000080776ae0,0x0000000084f80000)
 Metaspace       used 34284K, capacity 35412K, committed 35496K, reserved 1079296K
  class space    used 4715K, capacity 5001K, committed 5040K, reserved 1048576K
}
Event: 25.902 GC heap before
{Heap before GC invocations=9 (full 2):
 PSYoungGen      total 131072K, used 8197K [0x00000000d5580000, 0x00000000e4980000, 0x0000000100000000)
  eden space 119296K, 0% used [0x00000000d5580000,0x00000000d5580000,0x00000000dca00000)
  from space 11776K, 69% used [0x00000000dca00000,0x00000000dd2014e0,0x00000000dd580000)
  to   space 11264K, 0% used [0x00000000e3e80000,0x00000000e3e80000,0x00000000e4980000)
 ParOldGen       total 81408K, used 7642K [0x0000000080000000, 0x0000000084f80000, 0x00000000d5580000)
  object space 81408K, 9% used [0x0000000080000000,0x0000000080776ae0,0x0000000084f80000)
 Metaspace       used 34284K, capacity 35412K, committed 35496K, reserved 1079296K
  class space    used 4715K, capacity 5001K, committed 5040K, reserved 1048576K
Event: 26.034 GC heap after
Heap after GC invocations=9 (full 2):
 PSYoungGen      total 131072K, used 0K [0x00000000d5580000, 0x00000000e4980000, 0x0000000100000000)
  eden space 119296K, 0% used [0x00000000d5580000,0x00000000d5580000,0x00000000dca00000)
  from space 11776K, 0% used [0x00000000dca00000,0x00000000dca00000,0x00000000dd580000)
  to   space 11264K, 0% used [0x00000000e3e80000,0x00000000e3e80000,0x00000000e4980000)
 ParOldGen       total 121344K, used 14626K [0x0000000080000000, 0x0000000087680000, 0x00000000d5580000)
  object space 121344K, 12% used [0x0000000080000000,0x0000000080e488e8,0x0000000087680000)
 Metaspace       used 34284K, capacity 35412K, committed 35496K, reserved 1079296K
  class space    used 4715K, capacity 5001K, committed 5040K, reserved 1048576K
}

